0 info it worked if it ends with ok
1 verbose cli [ 'node', '/usr/local/bin/npm', 'install', 'segmentio/geckboard' ]
2 info using npm@1.4.28
3 info using node@v0.10.32
4 warn package.json google-spreadsheets@0.1.0 No repository field.
5 verbose cache add [ 'segmentio/geckboard', null ]
6 verbose cache add name=undefined spec="segmentio/geckboard" args=["segmentio/geckboard",null]
7 verbose parsed url { protocol: null,
7 verbose parsed url   slashes: null,
7 verbose parsed url   auth: null,
7 verbose parsed url   host: null,
7 verbose parsed url   port: null,
7 verbose parsed url   hostname: null,
7 verbose parsed url   hash: null,
7 verbose parsed url   search: null,
7 verbose parsed url   query: null,
7 verbose parsed url   pathname: 'segmentio/geckboard',
7 verbose parsed url   path: 'segmentio/geckboard',
7 verbose parsed url   href: 'segmentio/geckboard' }
8 silly lockFile 41ec7381-segmentio-geckboard segmentio/geckboard
9 verbose lock segmentio/geckboard /Users/kjniparko/.npm/41ec7381-segmentio-geckboard.lock
10 info maybeGithub Attempting segmentio/geckboard from git://github.com/segmentio/geckboard
11 silly lockFile 16e780a0-t-github-com-segmentio-geckboard git://github.com/segmentio/geckboard
12 verbose lock git://github.com/segmentio/geckboard /Users/kjniparko/.npm/16e780a0-t-github-com-segmentio-geckboard.lock
13 verbose addRemoteGit [ 'git://github.com/segmentio/geckboard', 'master' ]
14 verbose git clone git://github.com/segmentio/geckboard Cloning into bare repository '/Users/kjniparko/.npm/_git-remotes/git-github-com-segmentio-geckboard-16e780a0'...
14 verbose git clone git://github.com/segmentio/geckboard fatal: remote error:
14 verbose git clone git://github.com/segmentio/geckboard   Repository not found.
15 silly lockFile 16e780a0-t-github-com-segmentio-geckboard git://github.com/segmentio/geckboard
16 silly lockFile 16e780a0-t-github-com-segmentio-geckboard git://github.com/segmentio/geckboard
17 info maybeGithub Attempting segmentio/geckboard from git+ssh://git@github.com:segmentio/geckboard
18 silly lockFile 4f2fed29-t-github-com-segmentio-geckboard git@github.com:segmentio/geckboard
19 verbose lock git@github.com:segmentio/geckboard /Users/kjniparko/.npm/4f2fed29-t-github-com-segmentio-geckboard.lock
20 verbose addRemoteGit [ 'git@github.com:segmentio/geckboard', 'master' ]
21 error git clone git@github.com:segmentio/geckboard Cloning into bare repository '/Users/kjniparko/.npm/_git-remotes/git-github-com-segmentio-geckboard-4f2fed29'...
21 error git clone git@github.com:segmentio/geckboard ERROR: Repository not found.
21 error git clone git@github.com:segmentio/geckboard fatal: Could not read from remote repository.
21 error git clone git@github.com:segmentio/geckboard
21 error git clone git@github.com:segmentio/geckboard Please make sure you have the correct access rights
21 error git clone git@github.com:segmentio/geckboard and the repository exists.
22 silly lockFile 4f2fed29-t-github-com-segmentio-geckboard git@github.com:segmentio/geckboard
23 silly lockFile 4f2fed29-t-github-com-segmentio-geckboard git@github.com:segmentio/geckboard
24 silly lockFile 41ec7381-segmentio-geckboard segmentio/geckboard
25 silly lockFile 41ec7381-segmentio-geckboard segmentio/geckboard
26 error addLocal Could not install segmentio/geckboard
27 error Error: ENOENT, stat 'segmentio/geckboard'
28 error If you need help, you may report this *entire* log,
28 error including the npm and node versions, at:
28 error     <http://github.com/npm/npm/issues>
29 error System Darwin 13.1.0
30 error command "node" "/usr/local/bin/npm" "install" "segmentio/geckboard"
31 error cwd /Users/kjniparko/Desktop/Dots/segment/metrics-express-goals
32 error node -v v0.10.32
33 error npm -v 1.4.28
34 error path segmentio/geckboard
35 error code ENOENT
36 error errno 34
37 verbose exit [ 34, true ]
